Build target 'LED'
compiling main.c...
compiling stm32f10x_it.c...
compiling system_stm32f10x.c...
compiling led.c...
compiling beep.c...
compiling lcd.c...
compiling dht11.c...
compiling timer.c...
compiling key.c...
compiling exti.c...
compiling inv_mpu.c...
compiling inv_mpu_dmp_motion_driver.c...
compiling IIC.c...
compiling MPU6050.c...
compiling wdg.c...
compiling delay.c...
compiling sys.c...
compiling usart.c...
compiling core_cm3.c...
assembling startup_stm32f10x_hd.s...
compiling misc.c...
compiling stm32f10x_gpio.c...
compiling stm32f10x_dbgmcu.c...
compiling stm32f10x_rcc.c...
compiling stm32f10x_usart.c...
compiling stm32f10x_tim.c...
compiling stm32f10x_exti.c...
compiling stm32f10x_iwdg.c...
compiling esp8266.c...
compiling MqttKit.c...
compiling onenet.c...
compiling cJSON.c...
..\HARDWARE\cJSON\cJSON.c(55): warning:  #1293-D: assignment in condition
        if (!(copy = (char*)cJSON_malloc(len))) return 0;
..\HARDWARE\cJSON\cJSON.c(278): warning:  #1293-D: assignment in condition
        ptr=str;while ((token=*ptr) && ++len) {if (strchr("\"\\\b\f\n\r\t",token)) len++; else if (token<32) len+=5;ptr++;}
..\HARDWARE\cJSON\cJSON.c(352): warning:  #111-D: statement is unreachable
        return p.buffer;
..\HARDWARE\cJSON\cJSON.c(423): warning:  #1293-D: assignment in condition
                if (!(new_item=cJSON_New_Item())) return 0;     /* memory fail */
..\HARDWARE\cJSON\cJSON.c(535): warning:  #1293-D: assignment in condition
                if (!(new_item=cJSON_New_Item()))       return 0; /* memory fail */
..\HARDWARE\cJSON\cJSON.c: 5 warnings, 0 errors
linking...
Program Size: Code=28124 RO-data=2540 RW-data=1188 ZI-data=2036  
FromELF: creating hex file...
"..\OBJ\LED.axf" - 0 Error(s), 5 Warning(s).
